<?xml version="1.0" encoding="UTF-8"?>
<!-- Generated by org.testng.reporters.JUnitXMLReporter -->
<testsuite ignored="0" hostname="LAPTOP-5K04VMGQ" failures="0" tests="13" name="Test" time="127.754" errors="0" timestamp="2021-11-21T19:57:18 IST">
  <testcase classname="com.mindtree.runner.BigSmall" name="homePageLanding" time="7.747"/>
  <testcase classname="com.mindtree.runner.BigSmall" name="signInTesting" time="12.163"/>
  <testcase classname="com.mindtree.runner.BigSmall" name="signInTesting" time="8.752"/>
  <testcase classname="com.mindtree.runner.BigSmall" name="signInTesting" time="8.061"/>
  <testcase classname="com.mindtree.runner.BigSmall" name="PersonalGift" time="7.31"/>
  <testcase classname="com.mindtree.runner.BigSmall" name="selectProductTesting" time="6.088"/>
  <testcase classname="com.mindtree.runner.BigSmall" name="ChristmasGiftTesting" time="17.285"/>
  <testcase classname="com.mindtree.runner.BigSmall" name="ShopByCategoryTesting" time="14.913"/>
  <testcase classname="com.mindtree.runner.BigSmall" name="AllOfItTesting" time="7.59"/>
  <testcase classname="com.mindtree.runner.BigSmall" name="WishListTesting" time="8.681"/>
  <testcase classname="com.mindtree.runner.BigSmall" name="AboutUSTesting" time="2.575"/>
  <testcase classname="com.mindtree.runner.BigSmall" name="GiftCardTesting" time="8.563"/>
  <testcase classname="com.mindtree.runner.BigSmall" name="ContactUsTesting" time="8.448"/>
</testsuite> <!-- Test -->
