<?xml version="1.0" encoding="UTF-8"?>
<testng-results ignored="0" total="13" passed="13" failed="0" skipped="0">
  <reporter-output>
  </reporter-output>
  <suite started-at="2021-11-21T19:55:10 IST" name="Suite" finished-at="2021-11-21T19:57:18 IST" duration-ms="127754">
    <groups>
    </groups>
    <test started-at="2021-11-21T19:55:10 IST" name="Test" finished-at="2021-11-21T19:57:18 IST" duration-ms="127754">
      <class name="com.mindtree.runner.BigSmall">
        <test-method signature="homePageLanding()[pri:1, instance:com.mindtree.runner.BigSmall@6440112d]" started-at="2021-11-21T19:55:10 IST" name="homePageLanding" finished-at="2021-11-21T19:55:18 IST" duration-ms="7747" status="PASS">
          <reporter-output>
          </reporter-output>
        </test-method> <!-- homePageLanding -->
        <test-method signature="signInTesting(java.lang.String,java.lang.String)[pri:2, instance:com.mindtree.runner.BigSmall@6440112d]" started-at="2021-11-21T19:55:19 IST" name="signInTesting" data-provider="dataSuplier" finished-at="2021-11-21T19:55:31 IST" duration-ms="12163" status="PASS">
          <params>
            <param index="0">
              <value>
                <![CDATA[]]>
              </value>
            </param>
            <param index="1">
              <value>
                <![CDATA[]]>
              </value>
            </param>
          </params>
          <reporter-output>
          </reporter-output>
        </test-method> <!-- signInTesting -->
        <test-method signature="signInTesting(java.lang.String,java.lang.String)[pri:2, instance:com.mindtree.runner.BigSmall@6440112d]" started-at="2021-11-21T19:55:32 IST" name="signInTesting" data-provider="dataSuplier" finished-at="2021-11-21T19:55:40 IST" duration-ms="8752" status="PASS">
          <params>
            <param index="0">
              <value>
                <![CDATA[Simon@123]]>
              </value>
            </param>
            <param index="1">
              <value>
                <![CDATA[abcd]]>
              </value>
            </param>
          </params>
          <reporter-output>
          </reporter-output>
        </test-method> <!-- signInTesting -->
        <test-method signature="signInTesting(java.lang.String,java.lang.String)[pri:2, instance:com.mindtree.runner.BigSmall@6440112d]" started-at="2021-11-21T19:55:41 IST" name="signInTesting" data-provider="dataSuplier" finished-at="2021-11-21T19:55:49 IST" duration-ms="8061" status="PASS">
          <params>
            <param index="0">
              <value>
                <![CDATA[JackNJill@gamil.com]]>
              </value>
            </param>
            <param index="1">
              <value>
                <![CDATA[JacjNJill@123]]>
              </value>
            </param>
          </params>
          <reporter-output>
          </reporter-output>
        </test-method> <!-- signInTesting -->
        <test-method signature="PersonalGift()[pri:3, instance:com.mindtree.runner.BigSmall@6440112d]" started-at="2021-11-21T19:55:50 IST" name="PersonalGift" finished-at="2021-11-21T19:55:57 IST" duration-ms="7310" status="PASS">
          <reporter-output>
          </reporter-output>
        </test-method> <!-- PersonalGift -->
        <test-method signature="selectProductTesting()[pri:4, instance:com.mindtree.runner.BigSmall@6440112d]" started-at="2021-11-21T19:55:59 IST" name="selectProductTesting" finished-at="2021-11-21T19:56:05 IST" duration-ms="6088" status="PASS">
          <reporter-output>
          </reporter-output>
        </test-method> <!-- selectProductTesting -->
        <test-method signature="ChristmasGiftTesting()[pri:5, instance:com.mindtree.runner.BigSmall@6440112d]" started-at="2021-11-21T19:56:05 IST" name="ChristmasGiftTesting" finished-at="2021-11-21T19:56:23 IST" duration-ms="17285" status="PASS">
          <reporter-output>
          </reporter-output>
        </test-method> <!-- ChristmasGiftTesting -->
        <test-method signature="ShopByCategoryTesting()[pri:6, instance:com.mindtree.runner.BigSmall@6440112d]" started-at="2021-11-21T19:56:23 IST" name="ShopByCategoryTesting" finished-at="2021-11-21T19:56:38 IST" duration-ms="14913" status="PASS">
          <reporter-output>
          </reporter-output>
        </test-method> <!-- ShopByCategoryTesting -->
        <test-method signature="AllOfItTesting()[pri:7, instance:com.mindtree.runner.BigSmall@6440112d]" started-at="2021-11-21T19:56:39 IST" name="AllOfItTesting" finished-at="2021-11-21T19:56:46 IST" duration-ms="7590" status="PASS">
          <reporter-output>
          </reporter-output>
        </test-method> <!-- AllOfItTesting -->
        <test-method signature="WishListTesting()[pri:8, instance:com.mindtree.runner.BigSmall@6440112d]" started-at="2021-11-21T19:56:47 IST" name="WishListTesting" finished-at="2021-11-21T19:56:56 IST" duration-ms="8681" status="PASS">
          <reporter-output>
          </reporter-output>
        </test-method> <!-- WishListTesting -->
        <test-method signature="AboutUSTesting()[pri:9, instance:com.mindtree.runner.BigSmall@6440112d]" started-at="2021-11-21T19:56:56 IST" name="AboutUSTesting" finished-at="2021-11-21T19:56:59 IST" duration-ms="2575" status="PASS">
          <reporter-output>
          </reporter-output>
        </test-method> <!-- AboutUSTesting -->
        <test-method signature="GiftCardTesting()[pri:10, instance:com.mindtree.runner.BigSmall@6440112d]" started-at="2021-11-21T19:56:59 IST" name="GiftCardTesting" finished-at="2021-11-21T19:57:08 IST" duration-ms="8563" status="PASS">
          <reporter-output>
          </reporter-output>
        </test-method> <!-- GiftCardTesting -->
        <test-method signature="ContactUsTesting()[pri:11, instance:com.mindtree.runner.BigSmall@6440112d]" started-at="2021-11-21T19:57:08 IST" name="ContactUsTesting" finished-at="2021-11-21T19:57:17 IST" duration-ms="8448" status="PASS">
          <reporter-output>
          </reporter-output>
        </test-method> <!-- ContactUsTesting -->
        <test-method is-config="true" signature="closeDriver()[pri:0, instance:com.mindtree.runner.BigSmall@6440112d]" started-at="2021-11-21T19:57:17 IST" name="closeDriver" finished-at="2021-11-21T19:57:18 IST" duration-ms="208" status="PASS">
          <reporter-output>
          </reporter-output>
        </test-method> <!-- closeDriver -->
      </class> <!-- com.mindtree.runner.BigSmall -->
    </test> <!-- Test -->
  </suite> <!-- Suite -->
</testng-results>
